# JRE version: OpenJDK Runtime Environment Temurin-17.0.9+9 (17.0.9+9) (build 17.0.9+9)
# Java VM: OpenJDK 64-Bit Server VM Temurin-17.0.9+9 (17.0.9+9, mixed mode, tiered, compressed oops, compressed class ptrs, parallel gc, windows-amd64)
GC Precious Log:
 CPUs: 16 total, 16 available
 Memory: 15999M
 Large Page Support: Disabled
 NUMA Support: Disabled
 Compressed Oops: Enabled (32-bit)
 Alignments: Space 512K, Generation 512K, Heap 2M
 Heap Min Capacity: 100M
 Heap Initial Capacity: 100M
 Heap Max Capacity: 1G
 Pre-touch: Disabled
 Parallel Workers: 13
Heap:
 PSYoungGen      total 23552K, used 15229K [0x00000000eab00000, 0x00000000ec480000, 0x0000000100000000)
  eden space 22016K, 62% used [0x00000000eab00000,0x00000000eb870f30,0x00000000ec080000)
  from space 1536K, 95% used [0x00000000ec200000,0x00000000ec36e5b0,0x00000000ec380000)
  to   space 1024K, 0% used [0x00000000ec380000,0x00000000ec380000,0x00000000ec480000)
 ParOldGen       total 68608K, used 18337K [0x00000000c0000000, 0x00000000c4300000, 0x00000000eab00000)
  object space 68608K, 26% used [0x00000000c0000000,0x00000000c11e8708,0x00000000c4300000)
 Metaspace       used 50209K, committed 51200K, reserved 1114112K
  class space    used 5430K, committed 5888K, reserved 1048576K
GC Heap History (20 events):
Event: 2.308 GC heap before
{Heap before GC invocations=8 (full 1):
 PSYoungGen      total 26624K, used 26501K [0x00000000eab00000, 0x00000000eca80000, 0x0000000100000000)
  eden space 25088K, 100% used [0x00000000eab00000,0x00000000ec380000,0x00000000ec380000)
  from space 1536K, 92% used [0x00000000ec900000,0x00000000eca616c8,0x00000000eca80000)
  to   space 2560K, 0% used [0x00000000ec580000,0x00000000ec580000,0x00000000ec800000)
 ParOldGen       total 68608K, used 10382K [0x00000000c0000000, 0x00000000c4300000, 0x00000000eab00000)
  object space 68608K, 15% used [0x00000000c0000000,0x00000000c0a23940,0x00000000c4300000)
 Metaspace       used 27602K, committed 28288K, reserved 1114112K
  class space    used 2832K, committed 3136K, reserved 1048576K
}
Event: 2.309 GC heap after
{Heap after GC invocations=8 (full 1):
 PSYoungGen      total 27136K, used 2536K [0x00000000eab00000, 0x00000000eca00000, 0x0000000100000000)
  eden space 24576K, 0% used [0x00000000eab00000,0x00000000eab00000,0x00000000ec300000)
  from space 2560K, 99% used [0x00000000ec580000,0x00000000ec7fa310,0x00000000ec800000)
  to   space 2048K, 0% used [0x00000000ec800000,0x00000000ec800000,0x00000000eca00000)
 ParOldGen       total 68608K, used 11078K [0x00000000c0000000, 0x00000000c4300000, 0x00000000eab00000)
  object space 68608K, 16% used [0x00000000c0000000,0x00000000c0ad1940,0x00000000c4300000)
 Metaspace       used 27602K, committed 28288K, reserved 1114112K
  class space    used 2832K, committed 3136K, reserved 1048576K
}
Event: 2.425 GC heap before
{Heap before GC invocations=9 (full 1):
 PSYoungGen      total 27136K, used 27099K [0x00000000eab00000, 0x00000000eca00000, 0x0000000100000000)
  eden space 24576K, 99% used [0x00000000eab00000,0x00000000ec2fca18,0x00000000ec300000)
  from space 2560K, 99% used [0x00000000ec580000,0x00000000ec7fa310,0x00000000ec800000)
  to   space 2048K, 0% used [0x00000000ec800000,0x00000000ec800000,0x00000000eca00000)
 ParOldGen       total 68608K, used 11078K [0x00000000c0000000, 0x00000000c4300000, 0x00000000eab00000)
  object space 68608K, 16% used [0x00000000c0000000,0x00000000c0ad1940,0x00000000c4300000)
 Metaspace       used 30432K, committed 31168K, reserved 1114112K
  class space    used 3016K, committed 3328K, reserved 1048576K
}
Event: 2.426 GC heap after
{Heap after GC invocations=9 (full 1):
 PSYoungGen      total 26112K, used 2028K [0x00000000eab00000, 0x00000000eca00000, 0x0000000100000000)
  eden space 24064K, 0% used [0x00000000eab00000,0x00000000eab00000,0x00000000ec280000)
  from space 2048K, 99% used [0x00000000ec800000,0x00000000ec9fb288,0x00000000eca00000)
  to   space 3072K, 0% used [0x00000000ec400000,0x00000000ec400000,0x00000000ec700000)
 ParOldGen       total 68608K, used 11839K [0x00000000c0000000, 0x00000000c4300000, 0x00000000eab00000)
  object space 68608K, 17% used [0x00000000c0000000,0x00000000c0b8fd68,0x00000000c4300000)
 Metaspace       used 30432K, committed 31168K, reserved 1114112K
  class space    used 3016K, committed 3328K, reserved 1048576K
}
Event: 2.537 GC heap before
{Heap before GC invocations=10 (full 1):
 PSYoungGen      total 26112K, used 26092K [0x00000000eab00000, 0x00000000eca00000, 0x0000000100000000)
  eden space 24064K, 100% used [0x00000000eab00000,0x00000000ec280000,0x00000000ec280000)
  from space 2048K, 99% used [0x00000000ec800000,0x00000000ec9fb288,0x00000000eca00000)
  to   space 3072K, 0% used [0x00000000ec400000,0x00000000ec400000,0x00000000ec700000)
 ParOldGen       total 68608K, used 11839K [0x00000000c0000000, 0x00000000c4300000, 0x00000000eab00000)
  object space 68608K, 17% used [0x00000000c0000000,0x00000000c0b8fd68,0x00000000c4300000)
 Metaspace       used 32664K, committed 33408K, reserved 1114112K
  class space    used 3193K, committed 3520K, reserved 1048576K
}
Event: 2.538 GC heap after
{Heap after GC invocations=10 (full 1):
 PSYoungGen      total 25600K, used 1702K [0x00000000eab00000, 0x00000000ec880000, 0x0000000100000000)
  eden space 23552K, 0% used [0x00000000eab00000,0x00000000eab00000,0x00000000ec200000)
  from space 2048K, 83% used [0x00000000ec400000,0x00000000ec5a9b48,0x00000000ec600000)
  to   space 2560K, 0% used [0x00000000ec600000,0x00000000ec600000,0x00000000ec880000)
 ParOldGen       total 68608K, used 12654K [0x00000000c0000000, 0x00000000c4300000, 0x00000000eab00000)
  object space 68608K, 18% used [0x00000000c0000000,0x00000000c0c5b9f0,0x00000000c4300000)
 Metaspace       used 32664K, committed 33408K, reserved 1114112K
  class space    used 3193K, committed 3520K, reserved 1048576K
}
Event: 2.751 GC heap before
{Heap before GC invocations=11 (full 1):
 PSYoungGen      total 25600K, used 16620K [0x00000000eab00000, 0x00000000ec880000, 0x0000000100000000)
  eden space 23552K, 63% used [0x00000000eab00000,0x00000000eb991870,0x00000000ec200000)
  from space 2048K, 83% used [0x00000000ec400000,0x00000000ec5a9b48,0x00000000ec600000)
  to   space 2560K, 0% used [0x00000000ec600000,0x00000000ec600000,0x00000000ec880000)
 ParOldGen       total 68608K, used 12654K [0x00000000c0000000, 0x00000000c4300000, 0x00000000eab00000)
  object space 68608K, 18% used [0x00000000c0000000,0x00000000c0c5b9f0,0x00000000c4300000)
 Metaspace       used 35129K, committed 35840K, reserved 1114112K
  class space    used 3466K, committed 3776K, reserved 1048576K
}
Event: 2.752 GC heap after
{Heap after GC invocations=11 (full 1):
 PSYoungGen      total 25600K, used 1536K [0x00000000eab00000, 0x00000000ec800000, 0x0000000100000000)
  eden space 23552K, 0% used [0x00000000eab00000,0x00000000eab00000,0x00000000ec200000)
  from space 2048K, 75% used [0x00000000ec600000,0x00000000ec7802b0,0x00000000ec800000)
  to   space 2048K, 0% used [0x00000000ec400000,0x00000000ec400000,0x00000000ec600000)
 ParOldGen       total 68608K, used 13912K [0x00000000c0000000, 0x00000000c4300000, 0x00000000eab00000)
  object space 68608K, 20% used [0x00000000c0000000,0x00000000c0d960e8,0x00000000c4300000)
 Metaspace       used 35129K, committed 35840K, reserved 1114112K
  class space    used 3466K, committed 3776K, reserved 1048576K
}
Event: 2.752 GC heap before
{Heap before GC invocations=12 (full 2):
 PSYoungGen      total 25600K, used 1536K [0x00000000eab00000, 0x00000000ec800000, 0x0000000100000000)
  eden space 23552K, 0% used [0x00000000eab00000,0x00000000eab00000,0x00000000ec200000)
  from space 2048K, 75% used [0x00000000ec600000,0x00000000ec7802b0,0x00000000ec800000)
  to   space 2048K, 0% used [0x00000000ec400000,0x00000000ec400000,0x00000000ec600000)
 ParOldGen       total 68608K, used 13912K [0x00000000c0000000, 0x00000000c4300000, 0x00000000eab00000)
  object space 68608K, 20% used [0x00000000c0000000,0x00000000c0d960e8,0x00000000c4300000)
 Metaspace       used 35129K, committed 35840K, reserved 1114112K
  class space    used 3466K, committed 3776K, reserved 1048576K
}
Event: 2.770 GC heap after
{Heap after GC invocations=12 (full 2):
 PSYoungGen      total 25600K, used 0K [0x00000000eab00000, 0x00000000ec800000, 0x0000000100000000)
  eden space 23552K, 0% used [0x00000000eab00000,0x00000000eab00000,0x00000000ec200000)
  from space 2048K, 0% used [0x00000000ec600000,0x00000000ec600000,0x00000000ec800000)
  to   space 2048K, 0% used [0x00000000ec400000,0x00000000ec400000,0x00000000ec600000)
 ParOldGen       total 68608K, used 14018K [0x00000000c0000000, 0x00000000c4300000, 0x00000000eab00000)
  object space 68608K, 20% used [0x00000000c0000000,0x00000000c0db0938,0x00000000c4300000)
 Metaspace       used 35129K, committed 35840K, reserved 1114112K
  class space    used 3466K, committed 3776K, reserved 1048576K
}
Event: 3.318 GC heap before
{Heap before GC invocations=13 (full 2):
 PSYoungGen      total 25600K, used 23552K [0x00000000eab00000, 0x00000000ec800000, 0x0000000100000000)
  eden space 23552K, 100% used [0x00000000eab00000,0x00000000ec200000,0x00000000ec200000)
  from space 2048K, 0% used [0x00000000ec600000,0x00000000ec600000,0x00000000ec800000)
  to   space 2048K, 0% used [0x00000000ec400000,0x00000000ec400000,0x00000000ec600000)
 ParOldGen       total 68608K, used 14030K [0x00000000c0000000, 0x00000000c4300000, 0x00000000eab00000)
  object space 68608K, 20% used [0x00000000c0000000,0x00000000c0db3990,0x00000000c4300000)
 Metaspace       used 38458K, committed 39360K, reserved 1114112K
  class space    used 3876K, committed 4288K, reserved 1048576K
}
Event: 3.320 GC heap after
{Heap after GC invocations=13 (full 2):
 PSYoungGen      total 25088K, used 1193K [0x00000000eab00000, 0x00000000ec680000, 0x0000000100000000)
  eden space 23552K, 0% used [0x00000000eab00000,0x00000000eab00000,0x00000000ec200000)
  from space 1536K, 77% used [0x00000000ec400000,0x00000000ec52a4f8,0x00000000ec580000)
  to   space 1024K, 0% used [0x00000000ec580000,0x00000000ec580000,0x00000000ec680000)
 ParOldGen       total 68608K, used 14038K [0x00000000c0000000, 0x00000000c4300000, 0x00000000eab00000)
  object space 68608K, 20% used [0x00000000c0000000,0x00000000c0db5990,0x00000000c4300000)
 Metaspace       used 38458K, committed 39360K, reserved 1114112K
  class space    used 3876K, committed 4288K, reserved 1048576K
}
Event: 3.498 GC heap before
{Heap before GC invocations=14 (full 2):
 PSYoungGen      total 25088K, used 24745K [0x00000000eab00000, 0x00000000ec680000, 0x0000000100000000)
  eden space 23552K, 100% used [0x00000000eab00000,0x00000000ec200000,0x00000000ec200000)
  from space 1536K, 77% used [0x00000000ec400000,0x00000000ec52a4f8,0x00000000ec580000)
  to   space 1024K, 0% used [0x00000000ec580000,0x00000000ec580000,0x00000000ec680000)
 ParOldGen       total 68608K, used 14052K [0x00000000c0000000, 0x00000000c4300000, 0x00000000eab00000)
  object space 68608K, 20% used [0x00000000c0000000,0x00000000c0db91a0,0x00000000c4300000)
 Metaspace       used 41473K, committed 42368K, reserved 1114112K
  class space    used 4311K, committed 4736K, reserved 1048576K
}
Event: 3.499 GC heap after
{Heap after GC invocations=14 (full 2):
 PSYoungGen      total 24064K, used 996K [0x00000000eab00000, 0x00000000ec680000, 0x0000000100000000)
  eden space 23040K, 0% used [0x00000000eab00000,0x00000000eab00000,0x00000000ec180000)
  from space 1024K, 97% used [0x00000000ec580000,0x00000000ec679140,0x00000000ec680000)
  to   space 2560K, 0% used [0x00000000ec180000,0x00000000ec180000,0x00000000ec400000)
 ParOldGen       total 68608K, used 15204K [0x00000000c0000000, 0x00000000c4300000, 0x00000000eab00000)
  object space 68608K, 22% used [0x00000000c0000000,0x00000000c0ed9358,0x00000000c4300000)
 Metaspace       used 41473K, committed 42368K, reserved 1114112K
  class space    used 4311K, committed 4736K, reserved 1048576K
}
Event: 3.817 GC heap before
{Heap before GC invocations=15 (full 2):
 PSYoungGen      total 24064K, used 24003K [0x00000000eab00000, 0x00000000ec680000, 0x0000000100000000)
  eden space 23040K, 99% used [0x00000000eab00000,0x00000000ec177c98,0x00000000ec180000)
  from space 1024K, 97% used [0x00000000ec580000,0x00000000ec679140,0x00000000ec680000)
  to   space 2560K, 0% used [0x00000000ec180000,0x00000000ec180000,0x00000000ec400000)
 ParOldGen       total 68608K, used 15204K [0x00000000c0000000, 0x00000000c4300000, 0x00000000eab00000)
  object space 68608K, 22% used [0x00000000c0000000,0x00000000c0ed9358,0x00000000c4300000)
 Metaspace       used 43247K, committed 44224K, reserved 1114112K
  class space    used 4546K, committed 4992K, reserved 1048576K
}
Event: 3.818 GC heap after
{Heap after GC invocations=15 (full 2):
 PSYoungGen      total 25088K, used 1541K [0x00000000eab00000, 0x00000000ec600000, 0x0000000100000000)
  eden space 22528K, 0% used [0x00000000eab00000,0x00000000eab00000,0x00000000ec100000)
  from space 2560K, 60% used [0x00000000ec180000,0x00000000ec301638,0x00000000ec400000)
  to   space 2048K, 0% used [0x00000000ec400000,0x00000000ec400000,0x00000000ec600000)
 ParOldGen       total 68608K, used 16221K [0x00000000c0000000, 0x00000000c4300000, 0x00000000eab00000)
  object space 68608K, 23% used [0x00000000c0000000,0x00000000c0fd76e8,0x00000000c4300000)
 Metaspace       used 43247K, committed 44224K, reserved 1114112K
  class space    used 4546K, committed 4992K, reserved 1048576K
}
Event: 4.096 GC heap before
{Heap before GC invocations=16 (full 2):
 PSYoungGen      total 25088K, used 24069K [0x00000000eab00000, 0x00000000ec600000, 0x0000000100000000)
  eden space 22528K, 100% used [0x00000000eab00000,0x00000000ec100000,0x00000000ec100000)
  from space 2560K, 60% used [0x00000000ec180000,0x00000000ec301638,0x00000000ec400000)
  to   space 2048K, 0% used [0x00000000ec400000,0x00000000ec400000,0x00000000ec600000)
 ParOldGen       total 68608K, used 16221K [0x00000000c0000000, 0x00000000c4300000, 0x00000000eab00000)
  object space 68608K, 23% used [0x00000000c0000000,0x00000000c0fd76e8,0x00000000c4300000)
 Metaspace       used 45647K, committed 46528K, reserved 1114112K
  class space    used 4854K, committed 5248K, reserved 1048576K
}
Event: 4.098 GC heap after
{Heap after GC invocations=16 (full 2):
 PSYoungGen      total 23040K, used 960K [0x00000000eab00000, 0x00000000ec500000, 0x0000000100000000)
  eden space 22016K, 0% used [0x00000000eab00000,0x00000000eab00000,0x00000000ec080000)
  from space 1024K, 93% used [0x00000000ec400000,0x00000000ec4f0000,0x00000000ec500000)
  to   space 1536K, 0% used [0x00000000ec200000,0x00000000ec200000,0x00000000ec380000)
 ParOldGen       total 68608K, used 17561K [0x00000000c0000000, 0x00000000c4300000, 0x00000000eab00000)
  object space 68608K, 25% used [0x00000000c0000000,0x00000000c1126708,0x00000000c4300000)
 Metaspace       used 45647K, committed 46528K, reserved 1114112K
  class space    used 4854K, committed 5248K, reserved 1048576K
}
Event: 4.506 GC heap before
{Heap before GC invocations=17 (full 2):
 PSYoungGen      total 23040K, used 22976K [0x00000000eab00000, 0x00000000ec500000, 0x0000000100000000)
  eden space 22016K, 100% used [0x00000000eab00000,0x00000000ec080000,0x00000000ec080000)
  from space 1024K, 93% used [0x00000000ec400000,0x00000000ec4f0000,0x00000000ec500000)
  to   space 1536K, 0% used [0x00000000ec200000,0x00000000ec200000,0x00000000ec380000)
 ParOldGen       total 68608K, used 17561K [0x00000000c0000000, 0x00000000c4300000, 0x00000000eab00000)
  object space 68608K, 25% used [0x00000000c0000000,0x00000000c1126708,0x00000000c4300000)
 Metaspace       used 48424K, committed 49344K, reserved 1114112K
  class space    used 5228K, committed 5632K, reserved 1048576K
}
Event: 4.510 GC heap after
{Heap after GC invocations=17 (full 2):
 PSYoungGen      total 23552K, used 1465K [0x00000000eab00000, 0x00000000ec480000, 0x0000000100000000)
  eden space 22016K, 0% used [0x00000000eab00000,0x00000000eab00000,0x00000000ec080000)
  from space 1536K, 95% used [0x00000000ec200000,0x00000000ec36e5b0,0x00000000ec380000)
  to   space 1024K, 0% used [0x00000000ec380000,0x00000000ec380000,0x00000000ec480000)
 ParOldGen       total 68608K, used 18337K [0x00000000c0000000, 0x00000000c4300000, 0x00000000eab00000)
  object space 68608K, 26% used [0x00000000c0000000,0x00000000c11e8708,0x00000000c4300000)
 Metaspace       used 48424K, committed 49344K, reserved 1114112K
  class space    used 5228K, committed 5632K, reserved 1048576K
}

