# JRE version: OpenJDK Runtime Environment Temurin-17.0.9+9 (17.0.9+9) (build 17.0.9+9)
# Java VM: OpenJDK 64-Bit Server VM Temurin-17.0.9+9 (17.0.9+9, mixed mode, tiered, compressed oops, compressed class ptrs, parallel gc, windows-amd64)
GC Precious Log:
 CPUs: 16 total, 16 available
 Memory: 15999M
 Large Page Support: Disabled
 NUMA Support: Disabled
 Compressed Oops: Enabled (32-bit)
 Alignments: Space 512K, Generation 512K, Heap 2M
 Heap Min Capacity: 100M
 Heap Initial Capacity: 100M
 Heap Max Capacity: 1G
 Pre-touch: Disabled
 Parallel Workers: 13
Heap:
 PSYoungGen      total 23040K, used 6125K [0x00000000eab00000, 0x00000000ec480000, 0x0000000100000000)
  eden space 22016K, 23% used [0x00000000eab00000,0x00000000eb0135b0,0x00000000ec080000)
  from space 1024K, 90% used [0x00000000ec080000,0x00000000ec168000,0x00000000ec180000)
  to   space 2048K, 0% used [0x00000000ec280000,0x00000000ec280000,0x00000000ec480000)
 ParOldGen       total 68608K, used 17784K [0x00000000c0000000, 0x00000000c4300000, 0x00000000eab00000)
  object space 68608K, 25% used [0x00000000c0000000,0x00000000c115e038,0x00000000c4300000)
 Metaspace       used 45953K, committed 46976K, reserved 1114112K
  class space    used 4879K, committed 5312K, reserved 1048576K
GC Heap History (20 events):
Event: 2.250 GC heap before
{Heap before GC invocations=6 (full 1):
 PSYoungGen      total 29696K, used 25591K [0x00000000eab00000, 0x00000000ecc00000, 0x0000000100000000)
  eden space 25600K, 99% used [0x00000000eab00000,0x00000000ec3fde88,0x00000000ec400000)
  from space 4096K, 0% used [0x00000000ec800000,0x00000000ec800000,0x00000000ecc00000)
  to   space 4096K, 0% used [0x00000000ec400000,0x00000000ec400000,0x00000000ec800000)
 ParOldGen       total 68608K, used 10296K [0x00000000c0000000, 0x00000000c4300000, 0x00000000eab00000)
  object space 68608K, 15% used [0x00000000c0000000,0x00000000c0a0e020,0x00000000c4300000)
 Metaspace       used 24329K, committed 24896K, reserved 1114112K
  class space    used 2464K, committed 2688K, reserved 1048576K
}
Event: 2.252 GC heap after
{Heap after GC invocations=6 (full 1):
 PSYoungGen      total 26624K, used 1079K [0x00000000eab00000, 0x00000000ec980000, 0x0000000100000000)
  eden space 25088K, 0% used [0x00000000eab00000,0x00000000eab00000,0x00000000ec380000)
  from space 1536K, 70% used [0x00000000ec400000,0x00000000ec50dc48,0x00000000ec580000)
  to   space 3072K, 0% used [0x00000000ec680000,0x00000000ec680000,0x00000000ec980000)
 ParOldGen       total 68608K, used 10304K [0x00000000c0000000, 0x00000000c4300000, 0x00000000eab00000)
  object space 68608K, 15% used [0x00000000c0000000,0x00000000c0a10020,0x00000000c4300000)
 Metaspace       used 24329K, committed 24896K, reserved 1114112K
  class space    used 2464K, committed 2688K, reserved 1048576K
}
Event: 2.443 GC heap before
{Heap before GC invocations=7 (full 1):
 PSYoungGen      total 26624K, used 26167K [0x00000000eab00000, 0x00000000ec980000, 0x0000000100000000)
  eden space 25088K, 100% used [0x00000000eab00000,0x00000000ec380000,0x00000000ec380000)
  from space 1536K, 70% used [0x00000000ec400000,0x00000000ec50dc48,0x00000000ec580000)
  to   space 3072K, 0% used [0x00000000ec680000,0x00000000ec680000,0x00000000ec980000)
 ParOldGen       total 68608K, used 10304K [0x00000000c0000000, 0x00000000c4300000, 0x00000000eab00000)
  object space 68608K, 15% used [0x00000000c0000000,0x00000000c0a10020,0x00000000c4300000)
 Metaspace       used 27395K, committed 28160K, reserved 1114112K
  class space    used 2814K, committed 3136K, reserved 1048576K
}
Event: 2.445 GC heap after
{Heap after GC invocations=7 (full 1):
 PSYoungGen      total 27136K, used 3066K [0x00000000eab00000, 0x00000000ecb00000, 0x0000000100000000)
  eden space 24064K, 0% used [0x00000000eab00000,0x00000000eab00000,0x00000000ec280000)
  from space 3072K, 99% used [0x00000000ec680000,0x00000000ec97ea98,0x00000000ec980000)
  to   space 4096K, 0% used [0x00000000ec280000,0x00000000ec280000,0x00000000ec680000)
 ParOldGen       total 68608K, used 10766K [0x00000000c0000000, 0x00000000c4300000, 0x00000000eab00000)
  object space 68608K, 15% used [0x00000000c0000000,0x00000000c0a838c0,0x00000000c4300000)
 Metaspace       used 27395K, committed 28160K, reserved 1114112K
  class space    used 2814K, committed 3136K, reserved 1048576K
}
Event: 2.549 GC heap before
{Heap before GC invocations=8 (full 1):
 PSYoungGen      total 27136K, used 27127K [0x00000000eab00000, 0x00000000ecb00000, 0x0000000100000000)
  eden space 24064K, 99% used [0x00000000eab00000,0x00000000ec27f168,0x00000000ec280000)
  from space 3072K, 99% used [0x00000000ec680000,0x00000000ec97ea98,0x00000000ec980000)
  to   space 4096K, 0% used [0x00000000ec280000,0x00000000ec280000,0x00000000ec680000)
 ParOldGen       total 68608K, used 10766K [0x00000000c0000000, 0x00000000c4300000, 0x00000000eab00000)
  object space 68608K, 15% used [0x00000000c0000000,0x00000000c0a838c0,0x00000000c4300000)
 Metaspace       used 30116K, committed 30912K, reserved 1114112K
  class space    used 2994K, committed 3328K, reserved 1048576K
}
Event: 2.551 GC heap after
{Heap after GC invocations=8 (full 1):
 PSYoungGen      total 27136K, used 3407K [0x00000000eab00000, 0x00000000ec900000, 0x0000000100000000)
  eden space 23552K, 0% used [0x00000000eab00000,0x00000000eab00000,0x00000000ec200000)
  from space 3584K, 95% used [0x00000000ec280000,0x00000000ec5d3ed0,0x00000000ec600000)
  to   space 3072K, 0% used [0x00000000ec600000,0x00000000ec600000,0x00000000ec900000)
 ParOldGen       total 68608K, used 10766K [0x00000000c0000000, 0x00000000c4300000, 0x00000000eab00000)
  object space 68608K, 15% used [0x00000000c0000000,0x00000000c0a838c0,0x00000000c4300000)
 Metaspace       used 30116K, committed 30912K, reserved 1114112K
  class space    used 2994K, committed 3328K, reserved 1048576K
}
Event: 2.642 GC heap before
{Heap before GC invocations=9 (full 1):
 PSYoungGen      total 27136K, used 26959K [0x00000000eab00000, 0x00000000ec900000, 0x0000000100000000)
  eden space 23552K, 100% used [0x00000000eab00000,0x00000000ec200000,0x00000000ec200000)
  from space 3584K, 95% used [0x00000000ec280000,0x00000000ec5d3ed0,0x00000000ec600000)
  to   space 3072K, 0% used [0x00000000ec600000,0x00000000ec600000,0x00000000ec900000)
 ParOldGen       total 68608K, used 10766K [0x00000000c0000000, 0x00000000c4300000, 0x00000000eab00000)
  object space 68608K, 15% used [0x00000000c0000000,0x00000000c0a838c0,0x00000000c4300000)
 Metaspace       used 32517K, committed 33344K, reserved 1114112K
  class space    used 3179K, committed 3520K, reserved 1048576K
}
Event: 2.643 GC heap after
{Heap after GC invocations=9 (full 1):
 PSYoungGen      total 26112K, used 3046K [0x00000000eab00000, 0x00000000ec980000, 0x0000000100000000)
  eden space 23040K, 0% used [0x00000000eab00000,0x00000000eab00000,0x00000000ec180000)
  from space 3072K, 99% used [0x00000000ec600000,0x00000000ec8f9978,0x00000000ec900000)
  to   space 4096K, 0% used [0x00000000ec180000,0x00000000ec180000,0x00000000ec580000)
 ParOldGen       total 68608K, used 11288K [0x00000000c0000000, 0x00000000c4300000, 0x00000000eab00000)
  object space 68608K, 16% used [0x00000000c0000000,0x00000000c0b06288,0x00000000c4300000)
 Metaspace       used 32517K, committed 33344K, reserved 1114112K
  class space    used 3179K, committed 3520K, reserved 1048576K
}
Event: 2.970 GC heap before
{Heap before GC invocations=10 (full 1):
 PSYoungGen      total 26112K, used 20350K [0x00000000eab00000, 0x00000000ec980000, 0x0000000100000000)
  eden space 23040K, 75% used [0x00000000eab00000,0x00000000ebbe5ff0,0x00000000ec180000)
  from space 3072K, 99% used [0x00000000ec600000,0x00000000ec8f9978,0x00000000ec900000)
  to   space 4096K, 0% used [0x00000000ec180000,0x00000000ec180000,0x00000000ec580000)
 ParOldGen       total 68608K, used 11288K [0x00000000c0000000, 0x00000000c4300000, 0x00000000eab00000)
  object space 68608K, 16% used [0x00000000c0000000,0x00000000c0b06288,0x00000000c4300000)
 Metaspace       used 35111K, committed 35840K, reserved 1114112K
  class space    used 3464K, committed 3776K, reserved 1048576K
}
Event: 2.973 GC heap after
{Heap after GC invocations=10 (full 1):
 PSYoungGen      total 25088K, used 1719K [0x00000000eab00000, 0x00000000ec680000, 0x0000000100000000)
  eden space 23040K, 0% used [0x00000000eab00000,0x00000000eab00000,0x00000000ec180000)
  from space 2048K, 83% used [0x00000000ec180000,0x00000000ec32de88,0x00000000ec380000)
  to   space 2560K, 0% used [0x00000000ec400000,0x00000000ec400000,0x00000000ec680000)
 ParOldGen       total 68608K, used 14079K [0x00000000c0000000, 0x00000000c4300000, 0x00000000eab00000)
  object space 68608K, 20% used [0x00000000c0000000,0x00000000c0dbffa8,0x00000000c4300000)
 Metaspace       used 35111K, committed 35840K, reserved 1114112K
  class space    used 3464K, committed 3776K, reserved 1048576K
}
Event: 2.973 GC heap before
{Heap before GC invocations=11 (full 2):
 PSYoungGen      total 25088K, used 1719K [0x00000000eab00000, 0x00000000ec680000, 0x0000000100000000)
  eden space 23040K, 0% used [0x00000000eab00000,0x00000000eab00000,0x00000000ec180000)
  from space 2048K, 83% used [0x00000000ec180000,0x00000000ec32de88,0x00000000ec380000)
  to   space 2560K, 0% used [0x00000000ec400000,0x00000000ec400000,0x00000000ec680000)
 ParOldGen       total 68608K, used 14079K [0x00000000c0000000, 0x00000000c4300000, 0x00000000eab00000)
  object space 68608K, 20% used [0x00000000c0000000,0x00000000c0dbffa8,0x00000000c4300000)
 Metaspace       used 35111K, committed 35840K, reserved 1114112K
  class space    used 3464K, committed 3776K, reserved 1048576K
}
Event: 2.992 GC heap after
{Heap after GC invocations=11 (full 2):
 PSYoungGen      total 25088K, used 0K [0x00000000eab00000, 0x00000000ec680000, 0x0000000100000000)
  eden space 23040K, 0% used [0x00000000eab00000,0x00000000eab00000,0x00000000ec180000)
  from space 2048K, 0% used [0x00000000ec180000,0x00000000ec180000,0x00000000ec380000)
  to   space 2560K, 0% used [0x00000000ec400000,0x00000000ec400000,0x00000000ec680000)
 ParOldGen       total 68608K, used 14008K [0x00000000c0000000, 0x00000000c4300000, 0x00000000eab00000)
  object space 68608K, 20% used [0x00000000c0000000,0x00000000c0dae378,0x00000000c4300000)
 Metaspace       used 35098K, committed 35840K, reserved 1114112K
  class space    used 3461K, committed 3776K, reserved 1048576K
}
Event: 3.545 GC heap before
{Heap before GC invocations=12 (full 2):
 PSYoungGen      total 25088K, used 23032K [0x00000000eab00000, 0x00000000ec680000, 0x0000000100000000)
  eden space 23040K, 99% used [0x00000000eab00000,0x00000000ec17e3f8,0x00000000ec180000)
  from space 2048K, 0% used [0x00000000ec180000,0x00000000ec180000,0x00000000ec380000)
  to   space 2560K, 0% used [0x00000000ec400000,0x00000000ec400000,0x00000000ec680000)
 ParOldGen       total 68608K, used 14008K [0x00000000c0000000, 0x00000000c4300000, 0x00000000eab00000)
  object space 68608K, 20% used [0x00000000c0000000,0x00000000c0dae378,0x00000000c4300000)
 Metaspace       used 38185K, committed 39104K, reserved 1114112K
  class space    used 3859K, committed 4224K, reserved 1048576K
}
Event: 3.546 GC heap after
{Heap after GC invocations=12 (full 2):
 PSYoungGen      total 24064K, used 1138K [0x00000000eab00000, 0x00000000ec580000, 0x0000000100000000)
  eden space 22528K, 0% used [0x00000000eab00000,0x00000000eab00000,0x00000000ec100000)
  from space 1536K, 74% used [0x00000000ec400000,0x00000000ec51cb18,0x00000000ec580000)
  to   space 1536K, 0% used [0x00000000ec280000,0x00000000ec280000,0x00000000ec400000)
 ParOldGen       total 68608K, used 14016K [0x00000000c0000000, 0x00000000c4300000, 0x00000000eab00000)
  object space 68608K, 20% used [0x00000000c0000000,0x00000000c0db0378,0x00000000c4300000)
 Metaspace       used 38185K, committed 39104K, reserved 1114112K
  class space    used 3859K, committed 4224K, reserved 1048576K
}
Event: 3.668 GC heap before
{Heap before GC invocations=13 (full 2):
 PSYoungGen      total 24064K, used 23665K [0x00000000eab00000, 0x00000000ec580000, 0x0000000100000000)
  eden space 22528K, 99% used [0x00000000eab00000,0x00000000ec0ffc40,0x00000000ec100000)
  from space 1536K, 74% used [0x00000000ec400000,0x00000000ec51cb18,0x00000000ec580000)
  to   space 1536K, 0% used [0x00000000ec280000,0x00000000ec280000,0x00000000ec400000)
 ParOldGen       total 68608K, used 14016K [0x00000000c0000000, 0x00000000c4300000, 0x00000000eab00000)
  object space 68608K, 20% used [0x00000000c0000000,0x00000000c0db0378,0x00000000c4300000)
 Metaspace       used 41441K, committed 42368K, reserved 1114112K
  class space    used 4282K, committed 4672K, reserved 1048576K
}
Event: 3.670 GC heap after
{Heap after GC invocations=13 (full 2):
 PSYoungGen      total 23552K, used 1088K [0x00000000eab00000, 0x00000000ec480000, 0x0000000100000000)
  eden space 22016K, 0% used [0x00000000eab00000,0x00000000eab00000,0x00000000ec080000)
  from space 1536K, 70% used [0x00000000ec280000,0x00000000ec390000,0x00000000ec400000)
  to   space 512K, 0% used [0x00000000ec400000,0x00000000ec400000,0x00000000ec480000)
 ParOldGen       total 68608K, used 14994K [0x00000000c0000000, 0x00000000c4300000, 0x00000000eab00000)
  object space 68608K, 21% used [0x00000000c0000000,0x00000000c0ea4a18,0x00000000c4300000)
 Metaspace       used 41441K, committed 42368K, reserved 1114112K
  class space    used 4282K, committed 4672K, reserved 1048576K
}
Event: 3.948 GC heap before
{Heap before GC invocations=14 (full 2):
 PSYoungGen      total 23552K, used 23104K [0x00000000eab00000, 0x00000000ec480000, 0x0000000100000000)
  eden space 22016K, 100% used [0x00000000eab00000,0x00000000ec080000,0x00000000ec080000)
  from space 1536K, 70% used [0x00000000ec280000,0x00000000ec390000,0x00000000ec400000)
  to   space 512K, 0% used [0x00000000ec400000,0x00000000ec400000,0x00000000ec480000)
 ParOldGen       total 68608K, used 14999K [0x00000000c0000000, 0x00000000c4300000, 0x00000000eab00000)
  object space 68608K, 21% used [0x00000000c0000000,0x00000000c0ea5df8,0x00000000c4300000)
 Metaspace       used 43128K, committed 44032K, reserved 1114112K
  class space    used 4508K, committed 4864K, reserved 1048576K
}
Event: 3.952 GC heap after
{Heap after GC invocations=14 (full 2):
 PSYoungGen      total 22528K, used 484K [0x00000000eab00000, 0x00000000ec680000, 0x0000000100000000)
  eden space 22016K, 0% used [0x00000000eab00000,0x00000000eab00000,0x00000000ec080000)
  from space 512K, 94% used [0x00000000ec400000,0x00000000ec479140,0x00000000ec480000)
  to   space 3072K, 0% used [0x00000000ec080000,0x00000000ec080000,0x00000000ec380000)
 ParOldGen       total 68608K, used 17245K [0x00000000c0000000, 0x00000000c4300000, 0x00000000eab00000)
  object space 68608K, 25% used [0x00000000c0000000,0x00000000c10d76a0,0x00000000c4300000)
 Metaspace       used 43128K, committed 44032K, reserved 1114112K
  class space    used 4508K, committed 4864K, reserved 1048576K
}
Event: 4.207 GC heap before
{Heap before GC invocations=15 (full 2):
 PSYoungGen      total 22528K, used 22500K [0x00000000eab00000, 0x00000000ec680000, 0x0000000100000000)
  eden space 22016K, 100% used [0x00000000eab00000,0x00000000ec080000,0x00000000ec080000)
  from space 512K, 94% used [0x00000000ec400000,0x00000000ec479140,0x00000000ec480000)
  to   space 3072K, 0% used [0x00000000ec080000,0x00000000ec080000,0x00000000ec380000)
 ParOldGen       total 68608K, used 17265K [0x00000000c0000000, 0x00000000c4300000, 0x00000000eab00000)
  object space 68608K, 25% used [0x00000000c0000000,0x00000000c10dc728,0x00000000c4300000)
 Metaspace       used 45361K, committed 46400K, reserved 1114112K
  class space    used 4804K, committed 5248K, reserved 1048576K
}
Event: 4.208 GC heap after
{Heap after GC invocations=15 (full 2):
 PSYoungGen      total 23040K, used 928K [0x00000000eab00000, 0x00000000ec480000, 0x0000000100000000)
  eden space 22016K, 0% used [0x00000000eab00000,0x00000000eab00000,0x00000000ec080000)
  from space 1024K, 90% used [0x00000000ec080000,0x00000000ec168000,0x00000000ec180000)
  to   space 2048K, 0% used [0x00000000ec280000,0x00000000ec280000,0x00000000ec480000)
 ParOldGen       total 68608K, used 17784K [0x00000000c0000000, 0x00000000c4300000, 0x00000000eab00000)
  object space 68608K, 25% used [0x00000000c0000000,0x00000000c115e038,0x00000000c4300000)
 Metaspace       used 45361K, committed 46400K, reserved 1114112K
  class space    used 4804K, committed 5248K, reserved 1048576K
}

