# JRE version: OpenJDK Runtime Environment Temurin-17.0.9+9 (17.0.9+9) (build 17.0.9+9)
# Java VM: OpenJDK 64-Bit Server VM Temurin-17.0.9+9 (17.0.9+9, mixed mode, tiered, compressed oops, compressed class ptrs, parallel gc, windows-amd64)
GC Precious Log:
 CPUs: 16 total, 16 available
 Memory: 15999M
 Large Page Support: Disabled
 NUMA Support: Disabled
 Compressed Oops: Enabled (32-bit)
 Alignments: Space 512K, Generation 512K, Heap 2M
 Heap Min Capacity: 100M
 Heap Initial Capacity: 100M
 Heap Max Capacity: 1G
 Pre-touch: Disabled
 Parallel Workers: 13
Heap:
 PSYoungGen      total 18944K, used 7062K [0x00000000eab00000, 0x00000000ec000000, 0x0000000100000000)
  eden space 17408K, 33% used [0x00000000eab00000,0x00000000eb0b5b00,0x00000000ebc00000)
  from space 1536K, 79% used [0x00000000ebe80000,0x00000000ebfb0020,0x00000000ec000000)
  to   space 1536K, 0% used [0x00000000ebd00000,0x00000000ebd00000,0x00000000ebe80000)
 ParOldGen       total 68608K, used 36747K [0x00000000c0000000, 0x00000000c4300000, 0x00000000eab00000)
  object space 68608K, 53% used [0x00000000c0000000,0x00000000c23e2f28,0x00000000c4300000)
 Metaspace       used 61828K, committed 63040K, reserved 1114112K
  class space    used 6763K, committed 7296K, reserved 1048576K
GC Heap History (20 events):
Event: 5.481 GC heap before
{Heap before GC invocations=22 (full 3):
 PSYoungGen      total 24064K, used 1792K [0x00000000eab00000, 0x00000000ec480000, 0x0000000100000000)
  eden space 22016K, 0% used [0x00000000eab00000,0x00000000eab00000,0x00000000ec080000)
  from space 2048K, 87% used [0x00000000ec080000,0x00000000ec240000,0x00000000ec280000)
  to   space 2048K, 0% used [0x00000000ec280000,0x00000000ec280000,0x00000000ec480000)
 ParOldGen       total 68608K, used 23468K [0x00000000c0000000, 0x00000000c4300000, 0x00000000eab00000)
  object space 68608K, 34% used [0x00000000c0000000,0x00000000c16eb168,0x00000000c4300000)
 Metaspace       used 58647K, committed 59776K, reserved 1114112K
  class space    used 6422K, committed 6912K, reserved 1048576K
}
Event: 5.507 GC heap after
{Heap after GC invocations=22 (full 3):
 PSYoungGen      total 24064K, used 0K [0x00000000eab00000, 0x00000000ec480000, 0x0000000100000000)
  eden space 22016K, 0% used [0x00000000eab00000,0x00000000eab00000,0x00000000ec080000)
  from space 2048K, 0% used [0x00000000ec080000,0x00000000ec080000,0x00000000ec280000)
  to   space 2048K, 0% used [0x00000000ec280000,0x00000000ec280000,0x00000000ec480000)
 ParOldGen       total 68608K, used 23472K [0x00000000c0000000, 0x00000000c4300000, 0x00000000eab00000)
  object space 68608K, 34% used [0x00000000c0000000,0x00000000c16ec378,0x00000000c4300000)
 Metaspace       used 58647K, committed 59776K, reserved 1114112K
  class space    used 6422K, committed 6912K, reserved 1048576K
}
Event: 5.597 GC heap before
{Heap before GC invocations=23 (full 3):
 PSYoungGen      total 24064K, used 22016K [0x00000000eab00000, 0x00000000ec480000, 0x0000000100000000)
  eden space 22016K, 100% used [0x00000000eab00000,0x00000000ec080000,0x00000000ec080000)
  from space 2048K, 0% used [0x00000000ec080000,0x00000000ec080000,0x00000000ec280000)
  to   space 2048K, 0% used [0x00000000ec280000,0x00000000ec280000,0x00000000ec480000)
 ParOldGen       total 68608K, used 23472K [0x00000000c0000000, 0x00000000c4300000, 0x00000000eab00000)
  object space 68608K, 34% used [0x00000000c0000000,0x00000000c16ec378,0x00000000c4300000)
 Metaspace       used 59043K, committed 60224K, reserved 1114112K
  class space    used 6479K, committed 6976K, reserved 1048576K
}
Event: 5.598 GC heap after
{Heap after GC invocations=23 (full 3):
 PSYoungGen      total 23552K, used 2016K [0x00000000eab00000, 0x00000000ec580000, 0x0000000100000000)
  eden space 21504K, 0% used [0x00000000eab00000,0x00000000eab00000,0x00000000ec000000)
  from space 2048K, 98% used [0x00000000ec280000,0x00000000ec478030,0x00000000ec480000)
  to   space 2560K, 0% used [0x00000000ec000000,0x00000000ec000000,0x00000000ec280000)
 ParOldGen       total 68608K, used 23480K [0x00000000c0000000, 0x00000000c4300000, 0x00000000eab00000)
  object space 68608K, 34% used [0x00000000c0000000,0x00000000c16ee378,0x00000000c4300000)
 Metaspace       used 59043K, committed 60224K, reserved 1114112K
  class space    used 6479K, committed 6976K, reserved 1048576K
}
Event: 5.646 GC heap before
{Heap before GC invocations=24 (full 3):
 PSYoungGen      total 23552K, used 23520K [0x00000000eab00000, 0x00000000ec580000, 0x0000000100000000)
  eden space 21504K, 100% used [0x00000000eab00000,0x00000000ec000000,0x00000000ec000000)
  from space 2048K, 98% used [0x00000000ec280000,0x00000000ec478030,0x00000000ec480000)
  to   space 2560K, 0% used [0x00000000ec000000,0x00000000ec000000,0x00000000ec280000)
 ParOldGen       total 68608K, used 23480K [0x00000000c0000000, 0x00000000c4300000, 0x00000000eab00000)
  object space 68608K, 34% used [0x00000000c0000000,0x00000000c16ee378,0x00000000c4300000)
 Metaspace       used 59145K, committed 60288K, reserved 1114112K
  class space    used 6485K, committed 6976K, reserved 1048576K
}
Event: 5.653 GC heap after
{Heap after GC invocations=24 (full 3):
 PSYoungGen      total 23552K, used 1856K [0x00000000eab00000, 0x00000000ec400000, 0x0000000100000000)
  eden space 21504K, 0% used [0x00000000eab00000,0x00000000eab00000,0x00000000ec000000)
  from space 2048K, 90% used [0x00000000ec000000,0x00000000ec1d0000,0x00000000ec200000)
  to   space 2048K, 0% used [0x00000000ec200000,0x00000000ec200000,0x00000000ec400000)
 ParOldGen       total 68608K, used 25256K [0x00000000c0000000, 0x00000000c4300000, 0x00000000eab00000)
  object space 68608K, 36% used [0x00000000c0000000,0x00000000c18aa398,0x00000000c4300000)
 Metaspace       used 59145K, committed 60288K, reserved 1114112K
  class space    used 6485K, committed 6976K, reserved 1048576K
}
Event: 5.692 GC heap before
{Heap before GC invocations=25 (full 3):
 PSYoungGen      total 23552K, used 23360K [0x00000000eab00000, 0x00000000ec400000, 0x0000000100000000)
  eden space 21504K, 100% used [0x00000000eab00000,0x00000000ec000000,0x00000000ec000000)
  from space 2048K, 90% used [0x00000000ec000000,0x00000000ec1d0000,0x00000000ec200000)
  to   space 2048K, 0% used [0x00000000ec200000,0x00000000ec200000,0x00000000ec400000)
 ParOldGen       total 68608K, used 25256K [0x00000000c0000000, 0x00000000c4300000, 0x00000000eab00000)
  object space 68608K, 36% used [0x00000000c0000000,0x00000000c18aa398,0x00000000c4300000)
 Metaspace       used 59181K, committed 60288K, reserved 1114112K
  class space    used 6489K, committed 6976K, reserved 1048576K
}
Event: 5.696 GC heap after
{Heap after GC invocations=25 (full 3):
 PSYoungGen      total 20992K, used 2016K [0x00000000eab00000, 0x00000000ec900000, 0x0000000100000000)
  eden space 18944K, 0% used [0x00000000eab00000,0x00000000eab00000,0x00000000ebd80000)
  from space 2048K, 98% used [0x00000000ec200000,0x00000000ec3f8020,0x00000000ec400000)
  to   space 4608K, 0% used [0x00000000ebd80000,0x00000000ebd80000,0x00000000ec200000)
 ParOldGen       total 68608K, used 27232K [0x00000000c0000000, 0x00000000c4300000, 0x00000000eab00000)
  object space 68608K, 39% used [0x00000000c0000000,0x00000000c1a98398,0x00000000c4300000)
 Metaspace       used 59181K, committed 60288K, reserved 1114112K
  class space    used 6489K, committed 6976K, reserved 1048576K
}
Event: 5.732 GC heap before
{Heap before GC invocations=26 (full 3):
 PSYoungGen      total 20992K, used 20960K [0x00000000eab00000, 0x00000000ec900000, 0x0000000100000000)
  eden space 18944K, 100% used [0x00000000eab00000,0x00000000ebd80000,0x00000000ebd80000)
  from space 2048K, 98% used [0x00000000ec200000,0x00000000ec3f8020,0x00000000ec400000)
  to   space 4608K, 0% used [0x00000000ebd80000,0x00000000ebd80000,0x00000000ec200000)
 ParOldGen       total 68608K, used 27232K [0x00000000c0000000, 0x00000000c4300000, 0x00000000eab00000)
  object space 68608K, 39% used [0x00000000c0000000,0x00000000c1a98398,0x00000000c4300000)
 Metaspace       used 59194K, committed 60352K, reserved 1114112K
  class space    used 6495K, committed 6976K, reserved 1048576K
}
Event: 5.741 GC heap after
{Heap after GC invocations=26 (full 3):
 PSYoungGen      total 20992K, used 1760K [0x00000000eab00000, 0x00000000ec380000, 0x0000000100000000)
  eden space 18944K, 0% used [0x00000000eab00000,0x00000000eab00000,0x00000000ebd80000)
  from space 2048K, 85% used [0x00000000ebd80000,0x00000000ebf38000,0x00000000ebf80000)
  to   space 3072K, 0% used [0x00000000ec080000,0x00000000ec080000,0x00000000ec380000)
 ParOldGen       total 68608K, used 29234K [0x00000000c0000000, 0x00000000c4300000, 0x00000000eab00000)
  object space 68608K, 42% used [0x00000000c0000000,0x00000000c1c8c818,0x00000000c4300000)
 Metaspace       used 59194K, committed 60352K, reserved 1114112K
  class space    used 6495K, committed 6976K, reserved 1048576K
}
Event: 5.770 GC heap before
{Heap before GC invocations=27 (full 3):
 PSYoungGen      total 20992K, used 20704K [0x00000000eab00000, 0x00000000ec380000, 0x0000000100000000)
  eden space 18944K, 100% used [0x00000000eab00000,0x00000000ebd80000,0x00000000ebd80000)
  from space 2048K, 85% used [0x00000000ebd80000,0x00000000ebf38000,0x00000000ebf80000)
  to   space 3072K, 0% used [0x00000000ec080000,0x00000000ec080000,0x00000000ec380000)
 ParOldGen       total 68608K, used 29234K [0x00000000c0000000, 0x00000000c4300000, 0x00000000eab00000)
  object space 68608K, 42% used [0x00000000c0000000,0x00000000c1c8c818,0x00000000c4300000)
 Metaspace       used 59201K, committed 60416K, reserved 1114112K
  class space    used 6499K, committed 7040K, reserved 1048576K
}
Event: 5.772 GC heap after
{Heap after GC invocations=27 (full 3):
 PSYoungGen      total 21504K, used 2080K [0x00000000eab00000, 0x00000000ec300000, 0x0000000100000000)
  eden space 18944K, 0% used [0x00000000eab00000,0x00000000eab00000,0x00000000ebd80000)
  from space 2560K, 81% used [0x00000000ec080000,0x00000000ec288010,0x00000000ec300000)
  to   space 2560K, 0% used [0x00000000ebe00000,0x00000000ebe00000,0x00000000ec080000)
 ParOldGen       total 68608K, used 30866K [0x00000000c0000000, 0x00000000c4300000, 0x00000000eab00000)
  object space 68608K, 44% used [0x00000000c0000000,0x00000000c1e24818,0x00000000c4300000)
 Metaspace       used 59201K, committed 60416K, reserved 1114112K
  class space    used 6499K, committed 7040K, reserved 1048576K
}
Event: 5.793 GC heap before
{Heap before GC invocations=28 (full 3):
 PSYoungGen      total 21504K, used 21024K [0x00000000eab00000, 0x00000000ec300000, 0x0000000100000000)
  eden space 18944K, 100% used [0x00000000eab00000,0x00000000ebd80000,0x00000000ebd80000)
  from space 2560K, 81% used [0x00000000ec080000,0x00000000ec288010,0x00000000ec300000)
  to   space 2560K, 0% used [0x00000000ebe00000,0x00000000ebe00000,0x00000000ec080000)
 ParOldGen       total 68608K, used 30866K [0x00000000c0000000, 0x00000000c4300000, 0x00000000eab00000)
  object space 68608K, 44% used [0x00000000c0000000,0x00000000c1e24818,0x00000000c4300000)
 Metaspace       used 59212K, committed 60416K, reserved 1114112K
  class space    used 6501K, committed 7040K, reserved 1048576K
}
Event: 5.795 GC heap after
{Heap after GC invocations=28 (full 3):
 PSYoungGen      total 20992K, used 1728K [0x00000000eab00000, 0x00000000ec180000, 0x0000000100000000)
  eden space 18944K, 0% used [0x00000000eab00000,0x00000000eab00000,0x00000000ebd80000)
  from space 2048K, 84% used [0x00000000ebe00000,0x00000000ebfb0000,0x00000000ec000000)
  to   space 1536K, 0% used [0x00000000ec000000,0x00000000ec000000,0x00000000ec180000)
 ParOldGen       total 68608K, used 32794K [0x00000000c0000000, 0x00000000c4300000, 0x00000000eab00000)
  object space 68608K, 47% used [0x00000000c0000000,0x00000000c2006828,0x00000000c4300000)
 Metaspace       used 59212K, committed 60416K, reserved 1114112K
  class space    used 6501K, committed 7040K, reserved 1048576K
}
Event: 6.120 GC heap before
{Heap before GC invocations=29 (full 3):
 PSYoungGen      total 20992K, used 20672K [0x00000000eab00000, 0x00000000ec180000, 0x0000000100000000)
  eden space 18944K, 100% used [0x00000000eab00000,0x00000000ebd80000,0x00000000ebd80000)
  from space 2048K, 84% used [0x00000000ebe00000,0x00000000ebfb0000,0x00000000ec000000)
  to   space 1536K, 0% used [0x00000000ec000000,0x00000000ec000000,0x00000000ec180000)
 ParOldGen       total 68608K, used 32794K [0x00000000c0000000, 0x00000000c4300000, 0x00000000eab00000)
  object space 68608K, 47% used [0x00000000c0000000,0x00000000c2006828,0x00000000c4300000)
 Metaspace       used 59802K, committed 60992K, reserved 1114112K
  class space    used 6571K, committed 7104K, reserved 1048576K
}
Event: 6.123 GC heap after
{Heap after GC invocations=29 (full 3):
 PSYoungGen      total 18944K, used 1527K [0x00000000eab00000, 0x00000000ec580000, 0x0000000100000000)
  eden space 17408K, 0% used [0x00000000eab00000,0x00000000eab00000,0x00000000ebc00000)
  from space 1536K, 99% used [0x00000000ec000000,0x00000000ec17dd18,0x00000000ec180000)
  to   space 4096K, 0% used [0x00000000ebc00000,0x00000000ebc00000,0x00000000ec000000)
 ParOldGen       total 68608K, used 34733K [0x00000000c0000000, 0x00000000c4300000, 0x00000000eab00000)
  object space 68608K, 50% used [0x00000000c0000000,0x00000000c21eb400,0x00000000c4300000)
 Metaspace       used 59802K, committed 60992K, reserved 1114112K
  class space    used 6571K, committed 7104K, reserved 1048576K
}
Event: 6.477 GC heap before
{Heap before GC invocations=30 (full 3):
 PSYoungGen      total 18944K, used 18935K [0x00000000eab00000, 0x00000000ec580000, 0x0000000100000000)
  eden space 17408K, 100% used [0x00000000eab00000,0x00000000ebc00000,0x00000000ebc00000)
  from space 1536K, 99% used [0x00000000ec000000,0x00000000ec17dd18,0x00000000ec180000)
  to   space 4096K, 0% used [0x00000000ebc00000,0x00000000ebc00000,0x00000000ec000000)
 ParOldGen       total 68608K, used 34733K [0x00000000c0000000, 0x00000000c4300000, 0x00000000eab00000)
  object space 68608K, 50% used [0x00000000c0000000,0x00000000c21eb400,0x00000000c4300000)
 Metaspace       used 60739K, committed 61888K, reserved 1114112K
  class space    used 6658K, committed 7168K, reserved 1048576K
}
Event: 6.479 GC heap after
{Heap after GC invocations=30 (full 3):
 PSYoungGen      total 18432K, used 759K [0x00000000eab00000, 0x00000000ec080000, 0x0000000100000000)
  eden space 17408K, 0% used [0x00000000eab00000,0x00000000eab00000,0x00000000ebc00000)
  from space 1024K, 74% used [0x00000000ebc00000,0x00000000ebcbdfc8,0x00000000ebd00000)
  to   space 2048K, 0% used [0x00000000ebe80000,0x00000000ebe80000,0x00000000ec080000)
 ParOldGen       total 68608K, used 36149K [0x00000000c0000000, 0x00000000c4300000, 0x00000000eab00000)
  object space 68608K, 52% used [0x00000000c0000000,0x00000000c234d400,0x00000000c4300000)
 Metaspace       used 60739K, committed 61888K, reserved 1114112K
  class space    used 6658K, committed 7168K, reserved 1048576K
}
Event: 6.584 GC heap before
{Heap before GC invocations=31 (full 3):
 PSYoungGen      total 18432K, used 18167K [0x00000000eab00000, 0x00000000ec080000, 0x0000000100000000)
  eden space 17408K, 100% used [0x00000000eab00000,0x00000000ebc00000,0x00000000ebc00000)
  from space 1024K, 74% used [0x00000000ebc00000,0x00000000ebcbdfc8,0x00000000ebd00000)
  to   space 2048K, 0% used [0x00000000ebe80000,0x00000000ebe80000,0x00000000ec080000)
 ParOldGen       total 68608K, used 36149K [0x00000000c0000000, 0x00000000c4300000, 0x00000000eab00000)
  object space 68608K, 52% used [0x00000000c0000000,0x00000000c234d400,0x00000000c4300000)
 Metaspace       used 61355K, committed 62528K, reserved 1114112K
  class space    used 6718K, committed 7232K, reserved 1048576K
}
Event: 6.586 GC heap after
{Heap after GC invocations=31 (full 3):
 PSYoungGen      total 18944K, used 1216K [0x00000000eab00000, 0x00000000ec000000, 0x0000000100000000)
  eden space 17408K, 0% used [0x00000000eab00000,0x00000000eab00000,0x00000000ebc00000)
  from space 1536K, 79% used [0x00000000ebe80000,0x00000000ebfb0020,0x00000000ec000000)
  to   space 1536K, 0% used [0x00000000ebd00000,0x00000000ebd00000,0x00000000ebe80000)
 ParOldGen       total 68608K, used 36747K [0x00000000c0000000, 0x00000000c4300000, 0x00000000eab00000)
  object space 68608K, 53% used [0x00000000c0000000,0x00000000c23e2f28,0x00000000c4300000)
 Metaspace       used 61355K, committed 62528K, reserved 1114112K
  class space    used 6718K, committed 7232K, reserved 1048576K
}

